HID_FUNC_ENCODEURL
HID_FUNC_ERFC_MS
HID_FUNC_ERF_MS
HID_FUNC_WEBSERVICE
HID_FUNC_COLOR
HID_FUNC_FILTERXML
HID_FUNC_BITLSHIFT
HID_FUNC_BITRSHIFT
HID_FUNC_BITXOR
HID_FUNC_BITOR
HID_FUNC_BITAND
HID_FUNC_CHISQINV_MS
HID_FUNC_CHISQINV
HID_FUNC_CHISQDIST_MS
HID_FUNC_CHISQDIST
HID_FUNC_GAMMA
HID_FUNC_NUMBERVALUE
HID_FUNC_EUROCONVERT
HID_FUNC_GETPIVOTDATA
HID_FUNC_BAHTTEXT
HID_FUNC_INFO
HID_FUNC_HYPERLINK
HID_FUNC_ROEMISCH
HID_FUNC_UMRECHNEN
HID_FUNC_DEZIMAL
HID_FUNC_BASIS
HID_FUNC_DDE
HID_FUNC_VORLAGE
HID_FUNC_WORKDAY_MS
HID_FUNC_NETWORKDAYS_MS
HID_FUNC_NETWORKDAYS
HID_FUNC_WOCHENTAG
HID_FUNC_OSTERSONNTAG
HID_FUNC_KALENDERWOCHE
HID_FUNC_BETAINV_MS
HID_FUNC_BETADIST_MS
HID_FUNC_BETAINV
HID_FUNC_BETAVERT
HID_FUNC_LOGINV
HID_FUNC_LOGINV
HID_FUNC_CHITEST_MS
HID_FUNC_CHITEST
HID_FUNC_F_INV_RT
HID_FUNC_F_INV_LT
HID_FUNC_FINV
HID_FUNC_TINV_MS
HID_FUNC_TINV_2T
HID_FUNC_TINV
HID_FUNC_GAMMAINV_MS
HID_FUNC_GAMMAINV
HID_FUNC_GAMMADIST_MS
HID_FUNC_GAMMAVERT
HID_FUNC_CHIINV_MS
HID_FUNC_CHIINV
HID_FUNC_SCHAETZER
HID_FUNC_RKP
HID_FUNC_RGP
HID_FUNC_VARIATION
HID_FUNC_TREND
HID_FUNC_ACHSENABSCHNITT
HID_FUNC_STEIGUNG
HID_FUNC_STFEHLERYX
HID_FUNC_BESTIMMTHEITSMASS
HID_FUNC_PEARSON
HID_FUNC_COVARIANCE_S
HID_FUNC_COVARIANCE_P
HID_FUNC_KOVAR
HID_FUNC_KORREL
HID_FUNC_WAHRSCHBEREICH
HID_FUNC_GESTUTZTMITTEL
HID_FUNC_F_TEST_MS
HID_FUNC_FTEST
HID_FUNC_CONFIDENCE_T
HID_FUNC_CONFIDENCE_N
HID_FUNC_KONFIDENZ
HID_FUNC_NORMINV_MS
HID_FUNC_NORMINV
HID_FUNC_QUARTILE
HID_FUNC_HAEUFIGKEIT
HID_FUNC_KKLEINSTE
HID_FUNC_KGROESSTE
HID_FUNC_RANK_AVG
HID_FUNC_QUARTILE_EXC
HID_FUNC_PERCENTRANK_EXC
HID_FUNC_PERCENTILE_EXC
HID_FUNC_RANK_EQ
HID_FUNC_QUARTILE_INC
HID_FUNC_PERCENTRANK_INC
HID_FUNC_PERCENTILE_INC
HID_FUNC_QUANTILSRANG
HID_FUNC_QUANTIL
HID_FUNC_RANG
HID_FUNC_TTEST_MS
HID_FUNC_TTEST
HID_FUNC_AGGREGATE
HID_FUNC_Z_TEST_MS
HID_FUNC_GTEST
HID_FUNC_MODAL_VALUE_MULTI
HID_FUNC_MODAL_VALUE_MS
HID_FUNC_MODALWERT
HID_FUNC_MEDIAN
HID_FUNC_SUMQUADABW
HID_FUNC_SKEWP
HID_FUNC_SCHIEFE
HID_FUNC_MITTELABW
HID_FUNC_STANDARDISIERUNG
HID_FUNC_GEOMITTEL
HID_FUNC_HARMITTEL
HID_FUNC_KURT
HID_FUNC_BINOM_INV_MS
HID_FUNC_KRITBINOM
HID_FUNC_NEGBINOMDIST_MS
HID_FUNC_NEGBINOMVERT
HID_FUNC_WEIBULL_DIST_MS
HID_FUNC_WEIBULL
HID_FUNC_CHIVERT_MS
HID_FUNC_CHIVERT
HID_FUNC_F_DIST_RT
HID_FUNC_F_DIST_LT
HID_FUNC_FVERT
HID_FUNC_TDIST_RT
HID_FUNC_TDIST_MS
HID_FUNC_TDIST_2T
HID_FUNC_TVERT
HID_FUNC_LOGNORMDIST_MS
HID_FUNC_LOGNORMVERT
HID_FUNC_HYP_GEOM_DIST_MS
HID_FUNC_HYPGEOMVERT
HID_FUNC_EINHEITSMATRIX
HID_FUNC_MTRANS
HID_FUNC_MMULT
HID_FUNC_MINV
HID_FUNC_MDET
HID_FUNC_VERKETTEN
HID_FUNC_WIEDERHOLEN
HID_FUNC_WECHSELN
HID_FUNC_TEXT
HID_FUNC_MIDB
HID_FUNC_LEFTB
HID_FUNC_RIGHTB
HID_FUNC_LENB
HID_FUNC_TEIL
HID_FUNC_SUCHEN
HID_FUNC_RECHTS
HID_FUNC_LINKS
HID_FUNC_IDENTISCH
HID_FUNC_FINDEN
HID_FUNC_FEST
HID_FUNC_ERSETZEN
HID_FUNC_DM
HID_FUNC_BEREICHE
HID_FUNC_INDEX
HID_FUNC_VERSCHIEBUNG
HID_FUNC_WVERWEIS
HID_FUNC_SVERWEIS
HID_FUNC_VERWEIS
HID_FUNC_COUNTIFS
HID_FUNC_AVERAGEIFS
HID_FUNC_SUMIFS
HID_FUNC_AVERAGEIF
HID_FUNC_SUMMEWENN
HID_FUNC_ZAEHLENWENN
HID_FUNC_ANZAHLLEEREZELLEN
HID_FUNC_VERGLEICH
HID_FUNC_ADRESSE
HID_FUNC_INDIREKT
HID_FUNC_DBVARIANZEN
HID_FUNC_DBVARIANZ
HID_FUNC_DBSTDABWN
HID_FUNC_DBSTDABW
HID_FUNC_DBPRODUKT
HID_FUNC_DBMIN
HID_FUNC_DBMAX
HID_FUNC_DBAUSZUG
HID_FUNC_DBMITTELWERT
HID_FUNC_DBANZAHL2
HID_FUNC_DBANZAHL
HID_FUNC_DBSUMME
HID_FUNC_TEILERGEBNIS
HID_FUNC_NOMINAL
HID_FUNC_EFFEKTIV
HID_FUNC_KUMKAPITAL
HID_FUNC_KUMZINSZ
HID_FUNC_KAPZ
HID_FUNC_ZINSZ
HID_FUNC_ZINS
HID_FUNC_ZZR
HID_FUNC_ZW
HID_FUNC_ZGZ
HID_FUNC_TABELLE
HID_FUNC_ZEILE
HID_FUNC_SPALTE
HID_FUNC_TABELLEN
HID_FUNC_ZEILEN
HID_FUNC_SPALTEN
HID_FUNC_RMZ
HID_FUNC_LIA
HID_FUNC_LAUFZEIT
HID_FUNC_VDB
HID_FUNC_GDA2
HID_FUNC_GDA
HID_FUNC_DIA
HID_FUNC_BW
HID_FUNC_VARIATIONEN2
HID_FUNC_VARIATIONEN
HID_FUNC_KOMBINATIONEN2
HID_FUNC_KOMBINATIONEN
HID_FUNC_POISSON_DIST_MS
HID_FUNC_POISSON
HID_FUNC_BINOM_DIST_MS
HID_FUNC_BINOMVERT
HID_FUNC_EXP_DIST_MS
HID_FUNC_EXPONVERT
HID_FUNC_NORMDIST_MS
HID_FUNC_NORMVERT
HID_FUNC_B
HID_FUNC_ST_DEV_S
HID_FUNC_ST_DEV_P_MS
HID_FUNC_STABWNA
HID_FUNC_STABWN
HID_FUNC_STABWA
HID_FUNC_STABW
HID_FUNC_VAR_S
HID_FUNC_VAR_P_MS
HID_FUNC_VARIANZENA
HID_FUNC_VARIANZEN
HID_FUNC_VARIANZA
HID_FUNC_VARIANZ
HID_FUNC_ISPMT
HID_FUNC_QIKV
HID_FUNC_IKV
HID_FUNC_NBW
HID_FUNC_ANZAHL2
HID_FUNC_ANZAHL
HID_FUNC_MITTELWERTA
HID_FUNC_MITTELWERT
HID_FUNC_PRODUKT
HID_FUNC_SUMME
HID_FUNC_MAXA
HID_FUNC_MAX
HID_FUNC_MINA
HID_FUNC_MIN
HID_FUNC_DATEDIF
HID_FUNC_TAGE360
HID_FUNC_TAGE
HID_FUNC_ZEIT
HID_FUNC_DATUM
HID_FUNC_SUMMEXMY2
HID_FUNC_SUMMEX2PY2
HID_FUNC_SUMMEX2MY2
HID_FUNC_QUADRATESUMME
HID_FUNC_SUMMENPRODUKT
HID_FUNC_REST
HID_FUNC_KGV
HID_FUNC_GGT
HID_FUNC_POTENZ
HID_FUNC_LOG
HID_FUNC_KUERZEN
HID_FUNC_ABRUNDEN
HID_FUNC_AUFRUNDEN
HID_FUNC_RUNDEN
HID_FUNC_FLOOR_PRECISE
HID_FUNC_FLOOR_MATH
HID_FUNC_FLOOR_MS
HID_FUNC_UNTERGRENZE
HID_FUNC_CEIL_ISO
HID_FUNC_CEIL_PRECISE
HID_FUNC_CEIL_MS
HID_FUNC_OBERGRENZE
HID_FUNC_CEIL_MATH
HID_FUNC_ARCTAN2
HID_FUNC_ARABISCH
HID_FUNC_FORMEL
HID_FUNC_ERROR_TYPE_ODF
HID_FUNC_FEHLERTYP
HID_FUNC_GAMMALN_MS
HID_FUNC_GAMMALN
HID_FUNC_STD_NORMINV_MS
HID_FUNC_STANDNORMINV
HID_FUNC_FISHERINV
HID_FUNC_FISHER
HID_FUNC_STD_NORMDIST_MS
HID_FUNC_STANDNORMVERT
HID_FUNC_UNGERADE
HID_FUNC_GERADE
HID_FUNC_LOG10
HID_FUNC_UNICHAR
HID_FUNC_UNICODE
HID_FUNC_ASC
HID_FUNC_JIS
HID_FUNC_ZEICHEN
HID_FUNC_SAEUBERN
HID_FUNC_WERT
HID_FUNC_T
HID_FUNC_LAENGE
HID_FUNC_KLEIN
HID_FUNC_GROSS2
HID_FUNC_GROSS
HID_FUNC_GLAETTEN
HID_FUNC_CODE
HID_FUNC_ZEITWERT
HID_FUNC_DATWERT
HID_FUNC_N
HID_FUNC_ISTUNGERADE
HID_FUNC_ISTGERADE
HID_FUNC_ISTFEHLER
HID_FUNC_ISTFEHL
HID_FUNC_ISTNV
HID_FUNC_ISTFORMEL
HID_FUNC_ISTZAHL
HID_FUNC_ISTBEZUG
HID_FUNC_ZELLE
HID_FUNC_TYP
HID_FUNC_ISTLOG
HID_FUNC_ISTKTEXT
HID_FUNC_ISTTEXT
HID_FUNC_ISTLEER
HID_FUNC_GAUSS
HID_FUNC_PHI
HID_FUNC_GANZZAHL
HID_FUNC_ABS
HID_FUNC_VORZEICHEN
HID_FUNC_SEKUNDE
HID_FUNC_MINUTE
HID_FUNC_STUNDE
HID_FUNC_TAG
HID_FUNC_MONAT
HID_FUNC_JAHR
HID_FUNC_FAKULTAET
HID_FUNC_WURZEL
HID_FUNC_LN
HID_FUNC_EXP
HID_FUNC_SECANTHYP
HID_FUNC_COSECANTHYP
HID_FUNC_SECANT
HID_FUNC_COSECANT
HID_FUNC_ARCOTHYP
HID_FUNC_ARTANHYP
HID_FUNC_ARCOSHYP
HID_FUNC_ARSINHYP
HID_FUNC_COTHYP
HID_FUNC_TANHYP
HID_FUNC_COSHYP
HID_FUNC_SINHYP
HID_FUNC_ARCCOT
HID_FUNC_ARCTAN
HID_FUNC_ARCCOS
HID_FUNC_ARCSIN
HID_FUNC_COT
HID_FUNC_TAN
HID_FUNC_COS
HID_FUNC_SIN
HID_FUNC_RAD
HID_FUNC_DEG
HID_FUNC_AKTUELL
HID_FUNC_NV
HID_FUNC_JETZT
HID_FUNC_HEUTE
HID_FUNC_FALSCH
HID_FUNC_WAHR
HID_FUNC_ZUFALLSZAHL
HID_FUNC_PI
HID_FUNC_NICHT
HID_FUNC_XOR
HID_FUNC_ODER
HID_FUNC_UND
HID_FUNC_WAHL
HID_FUNC_IFNA
HID_FUNC_IFERROR
HID_FUNC_WENN
DATE_FUNCDESC_Rot13
DATE_FUNCDESC_WeeksInYear
DATE_FUNCDESC_DaysInYear
DATE_FUNCDESC_DaysInMonth
DATE_FUNCDESC_IsLeapYear
DATE_FUNCDESC_DiffYears
DATE_FUNCDESC_DiffMonths
DATE_FUNCDESC_DiffWeeks
ANALYSIS_Factdouble
ANALYSIS_Convert
ANALYSIS_Oct2Hex
ANALYSIS_Oct2Dec
ANALYSIS_Oct2Bin
ANALYSIS_Complex
ANALYSIS_Imcsch
ANALYSIS_Imsech
ANALYSIS_Imcosh
ANALYSIS_Imsinh
ANALYSIS_Imcot
ANALYSIS_Imcsc
ANALYSIS_Imsec
ANALYSIS_Imtan
ANALYSIS_Imsqrt
ANALYSIS_Imsum
ANALYSIS_Imsub
ANALYSIS_Imsin
ANALYSIS_Imreal
ANALYSIS_Improduct
ANALYSIS_Imlog2
ANALYSIS_Imlog10
ANALYSIS_Imln
ANALYSIS_Imconjugate
ANALYSIS_Imexp
ANALYSIS_Imdiv
ANALYSIS_Imcos
ANALYSIS_Imargument
ANALYSIS_Impower
ANALYSIS_Imaginary
ANALYSIS_Imabs
ANALYSIS_Hex2Oct
ANALYSIS_Hex2Dec
ANALYSIS_Hex2Bin
ANALYSIS_Gestep
ANALYSIS_Erfc
ANALYSIS_Erf
ANALYSIS_Dec2Oct
ANALYSIS_Dec2Hex
ANALYSIS_Dec2Bin
ANALYSIS_Delta
ANALYSIS_Bin2Oct
ANALYSIS_Bin2Hex
ANALYSIS_Bin2Dec
ANALYSIS_Bessely
ANALYSIS_Besselk
ANALYSIS_Besselj
ANALYSIS_Besseli
ANALYSIS_Randbetween
ANALYSIS_Sqrtpi
ANALYSIS_Mround
ANALYSIS_Quotient
ANALYSIS_Seriessum
ANALYSIS_Multinomial
ANALYSIS_Lcm
ANALYSIS_Gcd
ANALYSIS_Isodd
ANALYSIS_Iseven
ANALYSIS_Fvschedule
ANALYSIS_Coupnum
ANALYSIS_Couppcd
ANALYSIS_Coupdaybs
ANALYSIS_Coupdaysnc
ANALYSIS_Coupdays
ANALYSIS_Coupncd
ANALYSIS_Intrate
ANALYSIS_Xnpv
ANALYSIS_Xirr
ANALYSIS_Oddlyield
ANALYSIS_Oddlprice
ANALYSIS_Oddfyield
ANALYSIS_Oddfprice
ANALYSIS_Tbillyield
ANALYSIS_Tbillprice
ANALYSIS_Tbilleq
ANALYSIS_Yieldmat
ANALYSIS_Yielddisc
ANALYSIS_Yield
ANALYSIS_Dollarde
ANALYSIS_Dollarfr
ANALYSIS_Nominal
ANALYSIS_Mduration
ANALYSIS_Pricemat
ANALYSIS_Pricedisc
ANALYSIS_Price
ANALYSIS_Cumipmt
ANALYSIS_Cumprinc
ANALYSIS_Effect
ANALYSIS_Duration
ANALYSIS_Disc
ANALYSIS_Received
ANALYSIS_Accrintm
ANALYSIS_Accrint
ANALYSIS_Amorlinc
ANALYSIS_Amordegrc
ANALYSIS_Networkdays
ANALYSIS_Eomonth
ANALYSIS_Weeknum
ANALYSIS_Edate
ANALYSIS_Yearfrac
ANALYSIS_Workday
PRICING_FUNCDESC_OptProbInMoney
PRICING_FUNCDESC_OptProbHit
PRICING_FUNCDESC_OptTouch
PRICING_FUNCDESC_OptBarrier
